2025-07-29 18:26:13,993 INFO  Google_Search_003_companyFilter - URL Entered
2025-07-29 18:26:48,463 INFO  Google_Search_003_companyFilter - 2025.07.29.18.26.10 - Excel file created successfully!
2025-07-29 18:26:48,489 INFO  Google_Search_003_companyFilter - Total page for the query is - 10
2025-07-29 18:26:54,423 INFO  Google_Search_003_companyFilter - The page number is - 1
2025-07-29 18:26:54,442 INFO  Google_Search_003_companyFilter - Total Link Count is - 10
2025-07-29 18:26:54,831 INFO  Google_Search_003_companyFilter - Data Written in Temp Sheet - https://uk.linkedin.com/jobs/view/web-developer-at-matched-4256734156
2025-07-29 18:26:54,934 INFO  Google_Search_003_companyFilter - Data Written in Temp Sheet - https://uk.linkedin.com/jobs/view/web-developer-at-companion-group-4239069267
2025-07-29 18:26:55,024 INFO  Google_Search_003_companyFilter - Data Written in Temp Sheet - https://uk.linkedin.com/jobs/view/web-developer-at-connexa-4226720848
2025-07-29 18:26:55,096 INFO  Google_Search_003_companyFilter - Data Written in Temp Sheet - https://uk.linkedin.com/jobs/view/web-developer-at-the-dev-hub-4265153354
2025-07-29 18:26:55,168 INFO  Google_Search_003_companyFilter - Data Written in Temp Sheet - https://uk.linkedin.com/jobs/view/web-developer-at-canonical-4182144273
2025-07-29 18:26:55,250 INFO  Google_Search_003_companyFilter - Data Written in Temp Sheet - https://uk.linkedin.com/jobs/view/web-developer-at-technology-online-group-4235965427
2025-07-29 18:26:55,342 INFO  Google_Search_003_companyFilter - Data Written in Temp Sheet - https://uk.linkedin.com/jobs/view/web-developer-at-ste-services-ltd-4195055936
2025-07-29 18:26:55,435 INFO  Google_Search_003_companyFilter - Data Written in Temp Sheet - https://uk.linkedin.com/jobs/view/web-developer-at-hirenza-4270405750
2025-07-29 18:26:55,530 INFO  Google_Search_003_companyFilter - Data Written in Temp Sheet - https://uk.linkedin.com/jobs/view/web-developer-at-alpha-associates-recruitment-4234097988
2025-07-29 18:26:55,640 INFO  Google_Search_003_companyFilter - Data Written in Temp Sheet - https://uk.linkedin.com/jobs/view/web-developer-at-edgewell-development-4269694390
2025-07-29 18:26:57,819 INFO  Google_Search_003_companyFilter - The page number is - 2
2025-07-29 18:26:57,877 INFO  Google_Search_003_companyFilter - Total Link Count is - 10
2025-07-29 18:26:57,923 INFO  Google_Search_003_companyFilter - Data Written in Temp Sheet - https://uk.linkedin.com/jobs/view/web-developer-php-at-ache-4248377450
2025-07-29 18:26:58,025 INFO  Google_Search_003_companyFilter - Data Written in Temp Sheet - https://uk.linkedin.com/jobs/view/web-developer-at-techvibes-it-4273229662
2025-07-29 18:26:58,171 INFO  Google_Search_003_companyFilter - Data Written in Temp Sheet - https://uk.linkedin.com/jobs/view/web-developer-at-hirenza-4268942982
2025-07-29 18:26:58,283 INFO  Google_Search_003_companyFilter - Data Written in Temp Sheet - https://uk.linkedin.com/jobs/view/web-developer-at-fac-designs-4076977404
2025-07-29 18:26:58,413 INFO  Google_Search_003_companyFilter - Data Written in Temp Sheet - https://uk.linkedin.com/jobs/view/web-developer-at-we-make-change-4267742774
2025-07-29 18:26:58,507 INFO  Google_Search_003_companyFilter - Data Written in Temp Sheet - https://uk.linkedin.com/jobs/view/web-developer-at-global-relay-4271817259
2025-07-29 18:26:58,590 INFO  Google_Search_003_companyFilter - Data Written in Temp Sheet - https://uk.linkedin.com/jobs/view/web-developer-at-twine-4264300634
2025-07-29 18:26:58,670 INFO  Google_Search_003_companyFilter - Data Written in Temp Sheet - https://uk.linkedin.com/jobs/view/web-developer-at-herd-digital-4271187036
2025-07-29 18:26:58,722 INFO  Google_Search_003_companyFilter - Data Written in Temp Sheet - https://uk.linkedin.com/jobs/view/web-developer-it-contractor-at-free-work-uk-4255326456
2025-07-29 18:26:58,785 INFO  Google_Search_003_companyFilter - Data Written in Temp Sheet - https://uk.linkedin.com/jobs/view/web-developer-at-searchability%C2%AE-4273694398
2025-07-29 18:27:01,178 INFO  Google_Search_003_companyFilter - The page number is - 3
2025-07-29 18:27:01,215 INFO  Google_Search_003_companyFilter - Total Link Count is - 10
2025-07-29 18:27:01,299 INFO  Google_Search_003_companyFilter - Data Written in Temp Sheet - https://uk.linkedin.com/jobs/view/web-developer-at-thrill-circle-4127659677
2025-07-29 18:27:01,371 INFO  Google_Search_003_companyFilter - Data Written in Temp Sheet - https://uk.linkedin.com/jobs/view/web-developer-at-sensor-tower-4269807818
2025-07-29 18:27:01,442 INFO  Google_Search_003_companyFilter - Data Written in Temp Sheet - https://uk.linkedin.com/jobs/view/web-developer-at-hirenza-4269438937
2025-07-29 18:27:01,503 INFO  Google_Search_003_companyFilter - Data Written in Temp Sheet - https://uk.linkedin.com/jobs/view/web-developer-at-signet-recruitment-and-retention-4187276928
2025-07-29 18:27:01,588 INFO  Google_Search_003_companyFilter - Data Written in Temp Sheet - https://uk.linkedin.com/jobs/view/web-developer-at-reed-4204959052
2025-07-29 18:27:01,642 INFO  Google_Search_003_companyFilter - Data Written in Temp Sheet - https://uk.linkedin.com/jobs/view/web-developer-at-online-property-co-uk-4264296370
2025-07-29 18:27:01,694 INFO  Google_Search_003_companyFilter - Data Written in Temp Sheet - https://uk.linkedin.com/jobs/view/web-developer-%E2%80%93-woocommerce-%E2%80%93-poole-at-crimson-4257174721
2025-07-29 18:27:01,754 INFO  Google_Search_003_companyFilter - Data Written in Temp Sheet - https://uk.linkedin.com/jobs/view/web-developer-at-wstech-zone-uk-4254145848
2025-07-29 18:27:01,811 INFO  Google_Search_003_companyFilter - Data Written in Temp Sheet - https://uk.linkedin.com/jobs/view/web-developer-at-unity-online%E2%84%A2-4153160726
2025-07-29 18:27:01,872 INFO  Google_Search_003_companyFilter - Data Written in Temp Sheet - https://uk.linkedin.com/jobs/view/web-developer-at-radius-4215137003
2025-07-29 18:27:04,070 INFO  Google_Search_003_companyFilter - The page number is - 4
2025-07-29 18:27:04,127 INFO  Google_Search_003_companyFilter - Total Link Count is - 10
2025-07-29 18:27:04,184 INFO  Google_Search_003_companyFilter - Data Written in Temp Sheet - https://uk.linkedin.com/jobs/view/web-developer-at-trident-marketing-anglia-ltd-4274584019
2025-07-29 18:27:04,239 INFO  Google_Search_003_companyFilter - Data Written in Temp Sheet - https://uk.linkedin.com/jobs/view/web-developer-at-tm-forum-4215847550
2025-07-29 18:27:04,316 INFO  Google_Search_003_companyFilter - Data Written in Temp Sheet - https://uk.linkedin.com/jobs/view/web-developer-at-digital-rewards-group-ltd-4268329077
2025-07-29 18:27:04,375 INFO  Google_Search_003_companyFilter - Data Written in Temp Sheet - https://uk.linkedin.com/jobs/view/web-developer-at-xyz-4239364176
2025-07-29 18:27:04,452 INFO  Google_Search_003_companyFilter - Data Written in Temp Sheet - https://uk.linkedin.com/jobs/view/web-developer-designer-at-aej-consulting-ltd-4275585311
2025-07-29 18:27:04,507 INFO  Google_Search_003_companyFilter - Data Written in Temp Sheet - https://uk.linkedin.com/jobs/view/web-developer-at-orange-4260472580
2025-07-29 18:27:04,571 INFO  Google_Search_003_companyFilter - Data Written in Temp Sheet - https://uk.linkedin.com/jobs/view/web-developer-at-digital-waffle-4270242852
2025-07-29 18:27:04,633 INFO  Google_Search_003_companyFilter - Data Written in Temp Sheet - https://uk.linkedin.com/jobs/view/web-developer-at-kinetic-4262659474
2025-07-29 18:27:04,711 INFO  Google_Search_003_companyFilter - Data Written in Temp Sheet - https://uk.linkedin.com/jobs/view/web-developer-at-we-are-seed-digital-4261403463
2025-07-29 18:27:04,799 INFO  Google_Search_003_companyFilter - Data Written in Temp Sheet - https://uk.linkedin.com/jobs/view/web-developer-at-dermamedical-4259478824
2025-07-29 18:27:07,046 INFO  Google_Search_003_companyFilter - The page number is - 5
2025-07-29 18:27:07,088 INFO  Google_Search_003_companyFilter - Total Link Count is - 10
2025-07-29 18:27:07,286 INFO  Google_Search_003_companyFilter - Data Written in Temp Sheet - https://uk.linkedin.com/jobs/view/web-developer-at-volunteasy-4264592656
2025-07-29 18:27:07,397 INFO  Google_Search_003_companyFilter - Data Written in Temp Sheet - https://uk.linkedin.com/jobs/view/web-developer-at-tietalent-4262712129
2025-07-29 18:27:07,461 INFO  Google_Search_003_companyFilter - Data Written in Temp Sheet - https://uk.linkedin.com/jobs/view/web-developer-at-x4-technology-4256449603
2025-07-29 18:27:07,552 INFO  Google_Search_003_companyFilter - Data Written in Temp Sheet - https://uk.linkedin.com/jobs/view/web-developer-at-we-make-change-4232752803
2025-07-29 18:27:07,606 INFO  Google_Search_003_companyFilter - Data Written in Temp Sheet - https://uk.linkedin.com/jobs/view/web-developer-at-wiraa-4249641066
2025-07-29 18:27:07,661 INFO  Google_Search_003_companyFilter - Data Written in Temp Sheet - https://uk.linkedin.com/jobs/view/web-developer-at-herd-digital-4249080836
2025-07-29 18:27:07,713 INFO  Google_Search_003_companyFilter - Data Written in Temp Sheet - https://uk.linkedin.com/jobs/view/web-developer-trial-at-strot-net-4207844864
2025-07-29 18:27:07,770 INFO  Google_Search_003_companyFilter - Data Written in Temp Sheet - https://uk.linkedin.com/jobs/view/web-developer-at-paramount-digital-ltd-4266244576
2025-07-29 18:27:07,844 INFO  Google_Search_003_companyFilter - Data Written in Temp Sheet - https://uk.linkedin.com/jobs/view/web-developer-at-the-traders-world-4249034583
2025-07-29 18:27:07,902 INFO  Google_Search_003_companyFilter - Data Written in Temp Sheet - https://uk.linkedin.com/jobs/view/web-developer-front-end-at-lands-%E2%80%8B-end-4249702820
2025-07-29 18:27:10,260 INFO  Google_Search_003_companyFilter - The page number is - 6
2025-07-29 18:27:10,313 INFO  Google_Search_003_companyFilter - Total Link Count is - 10
2025-07-29 18:27:10,352 INFO  Google_Search_003_companyFilter - Data Written in Temp Sheet - https://in.linkedin.com/jobs/view/web-developer-at-radancy-united-kingdom-4208689441
2025-07-29 18:27:10,406 INFO  Google_Search_003_companyFilter - Data Written in Temp Sheet - https://uk.linkedin.com/jobs/view/web-developer-wix-at-we-make-change-4242532799
2025-07-29 18:27:10,459 INFO  Google_Search_003_companyFilter - Data Written in Temp Sheet - https://uk.linkedin.com/jobs/view/web-developer-at-106-recruitment-4229819261
2025-07-29 18:27:10,515 INFO  Google_Search_003_companyFilter - Data Written in Temp Sheet - https://uk.linkedin.com/jobs/view/web-developer-at-rn-jobforce-4231385208
2025-07-29 18:27:10,571 INFO  Google_Search_003_companyFilter - Data Written in Temp Sheet - https://uk.linkedin.com/jobs/view/web-developer-at-tmc-strategic-communications-4179504093
2025-07-29 18:27:10,628 INFO  Google_Search_003_companyFilter - Data Written in Temp Sheet - https://uk.linkedin.com/jobs/view/web-developer-uk-apprenticeship-at-online-property-co-uk-4219069059
2025-07-29 18:27:10,683 INFO  Google_Search_003_companyFilter - Data Written in Temp Sheet - https://www.linkedin.com/jobs/view/web-developer-at-micro1-4147662527
2025-07-29 18:27:10,740 INFO  Google_Search_003_companyFilter - Data Written in Temp Sheet - https://uk.linkedin.com/jobs/website-administrator-jobs
2025-07-29 18:27:10,788 INFO  Google_Search_003_companyFilter - Data Written in Temp Sheet - https://uk.linkedin.com/jobs/informatica-developer-jobs
2025-07-29 18:27:10,833 INFO  Google_Search_003_companyFilter - Data Written in Temp Sheet - https://www.linkedin.com/jobs/view/web-developer-at-canonical-2948680713
2025-07-29 18:27:13,056 INFO  Google_Search_003_companyFilter - The page number is - 7
2025-07-29 18:27:13,104 INFO  Google_Search_003_companyFilter - Total Link Count is - 10
2025-07-29 18:27:13,180 INFO  Google_Search_003_companyFilter - Data Written in Temp Sheet - https://uk.linkedin.com/jobs/view/web-developer-at-ahti-interiors-4249154991
2025-07-29 18:27:13,258 INFO  Google_Search_003_companyFilter - Data Written in Temp Sheet - https://uk.linkedin.com/jobs/view/we-re-hiring-web-developer-at-netmatters-4273279840
2025-07-29 18:27:13,305 INFO  Google_Search_003_companyFilter - Data Written in Temp Sheet - https://www.linkedin.com/jobs/view/web-developer-at-micro1-4088886822
2025-07-29 18:27:13,365 INFO  Google_Search_003_companyFilter - Data Written in Temp Sheet - https://www.linkedin.com/jobs/view/web-developer-at-tree-top-staffing-llc-4137538303
2025-07-29 18:27:13,421 INFO  Google_Search_003_companyFilter - Data Written in Temp Sheet - https://www.linkedin.com/jobs/view/web-developer-ai-code-reviewer-german-speaker-at-micro1-4138066584
2025-07-29 18:27:13,470 INFO  Google_Search_003_companyFilter - Data Written in Temp Sheet - https://uk.linkedin.com/jobs/view/web-developer-at-sr2-socially-responsible-recruitment-certified-b-corporation%E2%84%A2-4270185748
2025-07-29 18:27:13,547 INFO  Google_Search_003_companyFilter - Data Written in Temp Sheet - https://uk.linkedin.com/jobs/view/web-developer-talent-pool-at-zeak-labs-4270135266
2025-07-29 18:27:13,603 INFO  Google_Search_003_companyFilter - Data Written in Temp Sheet - https://uk.linkedin.com/jobs/view/web-developer-at-anything-headless-cms-experts-4264578818
2025-07-29 18:27:13,675 INFO  Google_Search_003_companyFilter - Data Written in Temp Sheet - https://uk.linkedin.com/jobs/view/web-developer-mid-level-at-reculture-4268580742
2025-07-29 18:27:13,739 INFO  Google_Search_003_companyFilter - Data Written in Temp Sheet - https://uk.linkedin.com/jobs/view/web-developer-at-madeby-studio-4271175671
2025-07-29 18:27:16,047 INFO  Google_Search_003_companyFilter - The page number is - 8
2025-07-29 18:27:16,106 INFO  Google_Search_003_companyFilter - Total Link Count is - 10
2025-07-29 18:27:16,178 INFO  Google_Search_003_companyFilter - Data Written in Temp Sheet - https://uk.linkedin.com/jobs/view/web-developer-at-be-it-4270191607
2025-07-29 18:27:16,232 INFO  Google_Search_003_companyFilter - Data Written in Temp Sheet - https://uk.linkedin.com/jobs/view/web-developer-at-musya-4270463610
2025-07-29 18:27:16,291 INFO  Google_Search_003_companyFilter - Data Written in Temp Sheet - https://uk.linkedin.com/jobs/view/web-developer-at-radius-4225735278
2025-07-29 18:27:16,347 INFO  Google_Search_003_companyFilter - Data Written in Temp Sheet - https://uk.linkedin.com/jobs/view/web-developer-at-tietalent-4275259200
2025-07-29 18:27:16,397 INFO  Google_Search_003_companyFilter - Data Written in Temp Sheet - https://uk.linkedin.com/jobs/view/web-developer-apprentice-at-tietalent-4201623863
2025-07-29 18:27:16,450 INFO  Google_Search_003_companyFilter - Data Written in Temp Sheet - https://uk.linkedin.com/jobs/view/web-developer-at-outlier-4198766419
2025-07-29 18:27:16,506 INFO  Google_Search_003_companyFilter - Data Written in Temp Sheet - https://uk.linkedin.com/jobs/view/web-developer-at-kinetic-4240949137
2025-07-29 18:27:16,548 INFO  Google_Search_003_companyFilter - Data Written in Temp Sheet - https://uk.linkedin.com/jobs/view/web-developer-at-coffee-design-ltd-4260270317
2025-07-29 18:27:16,595 INFO  Google_Search_003_companyFilter - Data Written in Temp Sheet - https://uk.linkedin.com/jobs/view/web-developer-designer-office-based-role-no-hybrid-at-clarity-homecare-4264160717
2025-07-29 18:27:16,650 INFO  Google_Search_003_companyFilter - Data Written in Temp Sheet - https://uk.linkedin.com/jobs/client-engineer-jobs
2025-07-29 18:27:18,956 INFO  Google_Search_003_companyFilter - The page number is - 9
2025-07-29 18:27:18,995 INFO  Google_Search_003_companyFilter - Total Link Count is - 11
2025-07-29 18:27:19,035 INFO  Google_Search_003_companyFilter - Data Written in Temp Sheet - https://uk.linkedin.com/jobs/view/web-developer-at-snapp%21-4264456722
2025-07-29 18:27:19,074 INFO  Google_Search_003_companyFilter - Data Written in Temp Sheet - https://uk.linkedin.com/jobs/view/web-developer-at-the-curve-group-4267259201
2025-07-29 18:27:19,115 INFO  Google_Search_003_companyFilter - Data Written in Temp Sheet - https://uk.linkedin.com/jobs/view/water-resources-data-tools-developer-modeller-31453-at-environment-agency-4273294638
2025-07-29 18:27:19,160 INFO  Google_Search_003_companyFilter - Data Written in Temp Sheet - https://uk.linkedin.com/jobs/view/web-developer-full-stack-at-ctx-group-4263679763
2025-07-29 18:27:19,211 INFO  Google_Search_003_companyFilter - Data Written in Temp Sheet - https://uk.linkedin.com/jobs/view/installation-and-support-engineer-at-tietalent-4275258285
2025-07-29 18:27:19,257 INFO  Google_Search_003_companyFilter - Data Written in Temp Sheet - https://uk.linkedin.com/jobs/view/web-developer-wordpress-html-css-php-javascript-mysql-at-xpertise-recruitment-4266713355
2025-07-29 18:27:19,300 INFO  Google_Search_003_companyFilter - Data Written in Temp Sheet - https://uk.linkedin.com/jobs/view/web-developer-at-cardiff-university-prifysgol-caerdydd-4227629878
2025-07-29 18:27:19,355 INFO  Google_Search_003_companyFilter - Data Written in Temp Sheet - https://translate.google.com/translate?u=https://uk.linkedin.com/jobs/view/web-developer-at-cardiff-university-prifysgol-caerdydd-4227629878&hl=en&sl=cy&tl=en&client=search
2025-07-29 18:27:19,401 INFO  Google_Search_003_companyFilter - Data Written in Temp Sheet - https://lk.linkedin.com/jobs/view/web-developer-at-bms-digital-3934346600
2025-07-29 18:27:19,443 INFO  Google_Search_003_companyFilter - Data Written in Temp Sheet - https://www.linkedin.com/jobs/view/web-developer-angularjs-at-csi-interfusion-inc-217696995
2025-07-29 18:27:19,491 INFO  Google_Search_003_companyFilter - Data Written in Temp Sheet - https://uk.linkedin.com/jobs/view/web-developer-at-urban-suites-recoleta-boutique-hotel-4264282939
2025-07-29 18:27:21,033 INFO  Google_Search_003_companyFilter - Excel file has sheets, not deleted.
2025-07-29 18:27:21,050 INFO  Google_Search_003_companyFilter - 2025.07.29.18.26.10-Company Details - Excel file created successfully!
2025-07-29 18:27:29,583 INFO  Google_Search_003_companyFilter - Username Entered
2025-07-29 18:27:29,666 INFO  Google_Search_003_companyFilter - password Entered
2025-07-29 18:27:38,837 INFO  Google_Search_003_companyFilter - Sign In clicked
2025-07-29 18:27:49,358 INFO  Google_Search_003_companyFilter - No Company Profile is found
2025-07-29 18:27:59,030 INFO  Google_Search_003_companyFilter - Duplicate entry in the Mastersheet
2025-07-29 18:28:06,089 INFO  Google_Search_003_companyFilter - Duplicate entry in the Mastersheet
2025-07-29 18:28:12,642 INFO  Google_Search_003_companyFilter - Duplicate entry in the Mastersheet
2025-07-29 18:28:26,720 INFO  Google_Search_003_companyFilter - Duplicate entry in the Mastersheet
2025-07-29 18:28:32,702 INFO  Google_Search_003_companyFilter - Data Written in Mastersheet - Technology Online Group, https://www.linkedin.com/company/technology-online-group/life
2025-07-29 18:28:32,725 INFO  Google_Search_003_companyFilter - Data written at row index: 1, columns 1 & 2
2025-07-29 18:28:35,343 INFO  Google_Search_003_companyFilter - People toggle Clicked
2025-07-29 18:28:38,598 INFO  Google_Search_003_companyFilter - profileDetail - LinkedIn Member
Co-Founder of Humanoid Robotics Technology | Technology Online Group
2025-07-29 18:28:38,627 INFO  Google_Search_003_companyFilter - profile link -https://www.linkedin.com/in/mark-howard-10580a191?miniProfileUrn=urn%3Ali%3Afs_miniProfile%3AACoAAC0l9BUB5LehESTKMe1bAW6mG5vLShaJAYY
2025-07-29 18:28:38,690 INFO  Google_Search_003_companyFilter - profileDetail - LinkedIn Member
Director & Founder of Brightsouth | Technology Online Group
2025-07-29 18:28:38,708 INFO  Google_Search_003_companyFilter - Profile link is disabled
2025-07-29 18:28:38,763 INFO  Google_Search_003_companyFilter - profileDetail - LinkedIn Member
Founder of Surgical Robotics Technology | Technology Online Group
2025-07-29 18:28:38,778 INFO  Google_Search_003_companyFilter - Profile link is disabled
2025-07-29 18:28:38,842 INFO  Google_Search_003_companyFilter - profileDetail - LinkedIn Member
Founder of eVehicle Technology | Technology Online Group
2025-07-29 18:28:38,862 INFO  Google_Search_003_companyFilter - Profile link is disabled
2025-07-29 18:28:38,923 INFO  Google_Search_003_companyFilter - profileDetail - Mark Howard
3rd+ degree connection
· 3rd
Company director & start-up investor.
2025-07-29 18:28:38,938 INFO  Google_Search_003_companyFilter - Profile link is disabled
2025-07-29 18:28:43,664 INFO  Google_Search_003_companyFilter - profileDetail - LinkedIn Member
Founder of Surgical Robotics Technology | Technology Online Group
2025-07-29 18:28:43,679 INFO  Google_Search_003_companyFilter - profile link -https://www.linkedin.com/in/mark-howard-10580a191?miniProfileUrn=urn%3Ali%3Afs_miniProfile%3AACoAAC0l9BUB5LehESTKMe1bAW6mG5vLShaJAYY
2025-07-29 18:28:43,720 INFO  Google_Search_003_companyFilter - profileDetail - Mark Howard
3rd+ degree connection
· 3rd
Company director & start-up investor.
2025-07-29 18:28:43,729 INFO  Google_Search_003_companyFilter - Profile link is disabled
2025-07-29 18:28:51,511 INFO  Google_Search_003_companyFilter - CTO Profile not found for this company
2025-07-29 18:29:09,319 INFO  Google_Search_003_companyFilter - No Company Profile is found
2025-07-29 18:29:14,829 INFO  Google_Search_003_companyFilter - Data Written in Mastersheet - Hirenza, https://www.linkedin.com/company/hirenza-pvt-ltd/life
2025-07-29 18:29:14,866 INFO  Google_Search_003_companyFilter - Data written at row index: 6, columns 1 & 2
2025-07-29 18:29:17,559 INFO  Google_Search_003_companyFilter - People toggle Clicked
2025-07-29 18:29:25,264 INFO  Google_Search_003_companyFilter - No Founder Profile found for this company
2025-07-29 18:29:32,796 INFO  Google_Search_003_companyFilter - No CEO Profile found for this company
2025-07-29 18:29:40,504 INFO  Google_Search_003_companyFilter - CTO Profile not found for this company
2025-07-29 18:29:51,816 INFO  Google_Search_003_companyFilter - Duplicate entry in the Mastersheet
2025-07-29 18:29:59,387 INFO  Google_Search_003_companyFilter - Data Written in Mastersheet - Edgewell Development, https://www.linkedin.com/company/edgewell-development/life
2025-07-29 18:29:59,403 INFO  Google_Search_003_companyFilter - Data written at row index: 7, columns 1 & 2
2025-07-29 18:30:01,959 INFO  Google_Search_003_companyFilter - People toggle Clicked
2025-07-29 18:30:08,767 INFO  Google_Search_003_companyFilter - No Founder Profile found for this company
2025-07-29 18:30:16,598 INFO  Google_Search_003_companyFilter - No CEO Profile found for this company
2025-07-29 18:30:24,438 INFO  Google_Search_003_companyFilter - CTO Profile not found for this company
