2025-07-24 11:02:56,715 INFO  Google_Search_001 - URL Entered
2025-07-24 11:03:28,265 INFO  Google_Search_001 - 2025.07.24.11.02.53 - Excel file created successfully!
2025-07-24 11:03:28,305 INFO  Google_Search_001 - Total Link Count is - 11
2025-07-24 11:03:28,556 INFO  Google_Search_001 - Duplicate entry in the Mastersheet
2025-07-24 11:03:28,690 INFO  Google_Search_001 - Duplicate entry in the Mastersheet
2025-07-24 11:03:28,797 INFO  Google_Search_001 - Duplicate entry in the Mastersheet
2025-07-24 11:03:28,898 INFO  Google_Search_001 - Duplicate entry in the Mastersheet
2025-07-24 11:03:28,994 INFO  Google_Search_001 - Duplicate entry in the Mastersheet
2025-07-24 11:03:29,115 INFO  Google_Search_001 - Duplicate entry in the Mastersheet
2025-07-24 11:03:29,232 INFO  Google_Search_001 - Duplicate entry in the Mastersheet
2025-07-24 11:03:29,345 INFO  Google_Search_001 - Duplicate entry in the Mastersheet
2025-07-24 11:03:29,479 INFO  Google_Search_001 - Duplicate entry in the Mastersheet
2025-07-24 11:03:29,668 INFO  Google_Search_001 - Duplicate entry in the Mastersheet
2025-07-24 11:03:29,779 INFO  Google_Search_001 - Duplicate entry in the Mastersheet
2025-07-24 11:03:31,364 INFO  Google_Search_001 - Total Link Count is - 11
2025-07-24 11:03:31,403 INFO  Google_Search_001 - Duplicate entry in the Mastersheet
2025-07-24 11:03:31,464 INFO  Google_Search_001 - Duplicate entry in the Mastersheet
2025-07-24 11:03:31,519 INFO  Google_Search_001 - Duplicate entry in the Mastersheet
2025-07-24 11:03:31,573 INFO  Google_Search_001 - Duplicate entry in the Mastersheet
2025-07-24 11:03:31,652 INFO  Google_Search_001 - Duplicate entry in the Mastersheet
2025-07-24 11:03:31,713 INFO  Google_Search_001 - Duplicate entry in the Mastersheet
2025-07-24 11:03:31,768 INFO  Google_Search_001 - Duplicate entry in the Mastersheet
2025-07-24 11:03:31,817 INFO  Google_Search_001 - Duplicate entry in the Mastersheet
2025-07-24 11:03:31,876 INFO  Google_Search_001 - Duplicate entry in the Mastersheet
2025-07-24 11:03:31,940 INFO  Google_Search_001 - Duplicate entry in the Mastersheet
2025-07-24 11:03:31,989 INFO  Google_Search_001 - Duplicate entry in the Mastersheet
2025-07-24 11:03:33,524 INFO  Google_Search_001 - Excel file deleted as it contains no sheets.
