2025-07-29 17:43:54,732 INFO  Google_Search_003_companyFilter - URL Entered
2025-07-29 17:44:25,671 INFO  Google_Search_003_companyFilter - 2025.07.29.17.43.51 - Excel file created successfully!
2025-07-29 17:44:25,696 INFO  Google_Search_003_companyFilter - Total page for the query is - 10
2025-07-29 17:44:31,412 INFO  Google_Search_003_companyFilter - The page number is - 1
2025-07-29 17:44:31,440 INFO  Google_Search_003_companyFilter - Total Link Count is - 10
2025-07-29 17:44:31,722 INFO  Google_Search_003_companyFilter - Data Written in Temp Sheet - https://uk.linkedin.com/jobs/view/web-developer-at-searchability%C2%AE-4273694398
2025-07-29 17:44:31,822 INFO  Google_Search_003_companyFilter - Data Written in Temp Sheet - https://uk.linkedin.com/jobs/view/web-developer-at-fac-designs-4076977404
2025-07-29 17:44:31,891 INFO  Google_Search_003_companyFilter - Data Written in Temp Sheet - https://uk.linkedin.com/jobs/view/web-developer-it-contractor-at-free-work-uk-4255326456
2025-07-29 17:44:31,947 INFO  Google_Search_003_companyFilter - Data Written in Temp Sheet - https://uk.linkedin.com/jobs/view/web-developer-at-we-are-seed-digital-4261403463
2025-07-29 17:44:32,001 INFO  Google_Search_003_companyFilter - Data Written in Temp Sheet - https://uk.linkedin.com/jobs/view/web-developer-at-digital-rewards-group-ltd-4268329077
2025-07-29 17:44:32,054 INFO  Google_Search_003_companyFilter - Data Written in Temp Sheet - https://uk.linkedin.com/jobs/view/web-developer-at-the-dev-hub-4265153354
2025-07-29 17:44:32,107 INFO  Google_Search_003_companyFilter - Data Written in Temp Sheet - https://uk.linkedin.com/jobs/view/web-developer-at-matched-4256734156
2025-07-29 17:44:32,157 INFO  Google_Search_003_companyFilter - Data Written in Temp Sheet - https://uk.linkedin.com/jobs/view/web-developer-at-companion-group-4239069267
2025-07-29 17:44:32,207 INFO  Google_Search_003_companyFilter - Data Written in Temp Sheet - https://uk.linkedin.com/jobs/view/web-developer-at-we-make-change-4267742774
2025-07-29 17:44:32,265 INFO  Google_Search_003_companyFilter - Data Written in Temp Sheet - https://uk.linkedin.com/jobs/view/web-developer-at-technology-online-group-4235965427
2025-07-29 17:44:34,383 INFO  Google_Search_003_companyFilter - The page number is - 2
2025-07-29 17:44:34,418 INFO  Google_Search_003_companyFilter - Total Link Count is - 10
2025-07-29 17:44:34,463 INFO  Google_Search_003_companyFilter - Data Written in Temp Sheet - https://uk.linkedin.com/jobs/view/web-developer-at-techvibes-it-4273229662
2025-07-29 17:44:34,535 INFO  Google_Search_003_companyFilter - Data Written in Temp Sheet - https://uk.linkedin.com/jobs/view/web-developer-at-hirenza-4268942982
2025-07-29 17:44:34,669 INFO  Google_Search_003_companyFilter - Data Written in Temp Sheet - https://uk.linkedin.com/jobs/view/web-developer-php-at-ache-4248377450
2025-07-29 17:44:34,766 INFO  Google_Search_003_companyFilter - Data Written in Temp Sheet - https://uk.linkedin.com/jobs/view/web-developer-at-global-relay-4271817259
2025-07-29 17:44:34,839 INFO  Google_Search_003_companyFilter - Data Written in Temp Sheet - https://uk.linkedin.com/jobs/view/web-developer-designer-at-aej-consulting-ltd-4275585311
2025-07-29 17:44:34,906 INFO  Google_Search_003_companyFilter - Data Written in Temp Sheet - https://uk.linkedin.com/jobs/view/web-developer-at-twine-4264300634
2025-07-29 17:44:34,975 INFO  Google_Search_003_companyFilter - Data Written in Temp Sheet - https://uk.linkedin.com/jobs/view/web-developer-at-herd-digital-4271187036
2025-07-29 17:44:35,025 INFO  Google_Search_003_companyFilter - Data Written in Temp Sheet - https://uk.linkedin.com/jobs/view/web-developer-at-connexa-4226720848
2025-07-29 17:44:35,095 INFO  Google_Search_003_companyFilter - Data Written in Temp Sheet - https://uk.linkedin.com/jobs/view/web-developer-at-trident-marketing-anglia-ltd-4274584019
2025-07-29 17:44:35,168 INFO  Google_Search_003_companyFilter - Data Written in Temp Sheet - https://uk.linkedin.com/jobs/view/web-developer-at-edgewell-development-4269694390
2025-07-29 17:44:37,451 INFO  Google_Search_003_companyFilter - The page number is - 3
2025-07-29 17:44:37,465 INFO  Google_Search_003_companyFilter - Total Link Count is - 10
2025-07-29 17:44:37,501 INFO  Google_Search_003_companyFilter - Data Written in Temp Sheet - https://uk.linkedin.com/jobs/view/web-developer-at-signet-recruitment-and-retention-4187276928
2025-07-29 17:44:37,568 INFO  Google_Search_003_companyFilter - Data Written in Temp Sheet - https://uk.linkedin.com/jobs/view/web-developer-at-tm-forum-4215847550
2025-07-29 17:44:37,623 INFO  Google_Search_003_companyFilter - Data Written in Temp Sheet - https://uk.linkedin.com/jobs/view/web-developer-at-thrill-circle-4127659677
2025-07-29 17:44:37,687 INFO  Google_Search_003_companyFilter - Data Written in Temp Sheet - https://uk.linkedin.com/jobs/view/web-developer-at-hirenza-4269438937
2025-07-29 17:44:37,748 INFO  Google_Search_003_companyFilter - Data Written in Temp Sheet - https://uk.linkedin.com/jobs/view/web-developer-%E2%80%93-woocommerce-%E2%80%93-poole-at-crimson-4257174721
2025-07-29 17:44:37,801 INFO  Google_Search_003_companyFilter - Data Written in Temp Sheet - https://uk.linkedin.com/jobs/view/web-developer-at-online-property-co-uk-4264296370
2025-07-29 17:44:37,860 INFO  Google_Search_003_companyFilter - Data Written in Temp Sheet - https://uk.linkedin.com/jobs/view/web-developer-at-reed-4204959052
2025-07-29 17:44:37,913 INFO  Google_Search_003_companyFilter - Data Written in Temp Sheet - https://uk.linkedin.com/jobs/view/web-developer-at-tietalent-4262712129
2025-07-29 17:44:37,958 INFO  Google_Search_003_companyFilter - Data Written in Temp Sheet - https://uk.linkedin.com/jobs/view/web-developer-at-unity-online%E2%84%A2-4153160726
2025-07-29 17:44:38,005 INFO  Google_Search_003_companyFilter - Data Written in Temp Sheet - https://uk.linkedin.com/jobs/view/web-developer-at-volunteasy-4264592656
2025-07-29 17:44:40,254 INFO  Google_Search_003_companyFilter - The page number is - 4
2025-07-29 17:44:40,273 INFO  Google_Search_003_companyFilter - Total Link Count is - 10
2025-07-29 17:44:40,353 INFO  Google_Search_003_companyFilter - Data Written in Temp Sheet - https://uk.linkedin.com/jobs/view/web-developer-at-digital-waffle-4270242852
2025-07-29 17:44:40,439 INFO  Google_Search_003_companyFilter - Data Written in Temp Sheet - https://uk.linkedin.com/jobs/view/web-developer-at-hirenza-4270405750
2025-07-29 17:44:40,525 INFO  Google_Search_003_companyFilter - Data Written in Temp Sheet - https://uk.linkedin.com/jobs/view/web-developer-at-dermamedical-4259478824
2025-07-29 17:44:40,568 INFO  Google_Search_003_companyFilter - Data Written in Temp Sheet - https://uk.linkedin.com/jobs/view/web-developer-at-ste-services-ltd-4195055936
2025-07-29 17:44:40,618 INFO  Google_Search_003_companyFilter - Data Written in Temp Sheet - https://uk.linkedin.com/jobs/view/web-developer-at-orange-4260472580
2025-07-29 17:44:40,664 INFO  Google_Search_003_companyFilter - Data Written in Temp Sheet - https://uk.linkedin.com/jobs/view/web-developer-at-alpha-associates-recruitment-4234097988
2025-07-29 17:44:40,719 INFO  Google_Search_003_companyFilter - Data Written in Temp Sheet - https://uk.linkedin.com/jobs/view/web-developer-at-kinetic-4262659474
2025-07-29 17:44:40,761 INFO  Google_Search_003_companyFilter - Data Written in Temp Sheet - https://uk.linkedin.com/jobs/view/web-developer-at-xyz-4239364176
2025-07-29 17:44:40,810 INFO  Google_Search_003_companyFilter - Data Written in Temp Sheet - https://uk.linkedin.com/jobs/view/web-developer-at-sensor-tower-4269807818
2025-07-29 17:44:40,852 INFO  Google_Search_003_companyFilter - Data Written in Temp Sheet - https://uk.linkedin.com/jobs/view/web-developer-at-canonical-4182144273
2025-07-29 17:44:43,186 INFO  Google_Search_003_companyFilter - The page number is - 5
2025-07-29 17:44:43,200 INFO  Google_Search_003_companyFilter - Total Link Count is - 10
2025-07-29 17:44:43,261 INFO  Google_Search_003_companyFilter - Data Written in Temp Sheet - https://uk.linkedin.com/jobs/view/web-developer-at-wstech-zone-uk-4254145848
2025-07-29 17:44:43,311 INFO  Google_Search_003_companyFilter - Data Written in Temp Sheet - https://uk.linkedin.com/jobs/view/web-developer-at-radius-4215137003
2025-07-29 17:44:43,353 INFO  Google_Search_003_companyFilter - Data Written in Temp Sheet - https://uk.linkedin.com/jobs/view/web-developer-at-x4-technology-4256449603
2025-07-29 17:44:43,392 INFO  Google_Search_003_companyFilter - Data Written in Temp Sheet - https://uk.linkedin.com/jobs/view/web-developer-at-we-make-change-4232752803
2025-07-29 17:44:43,441 INFO  Google_Search_003_companyFilter - Data Written in Temp Sheet - https://uk.linkedin.com/jobs/view/web-developer-trial-at-strot-net-4207844864
2025-07-29 17:44:43,492 INFO  Google_Search_003_companyFilter - Data Written in Temp Sheet - https://uk.linkedin.com/jobs/view/web-developer-at-wiraa-4249641066
2025-07-29 17:44:43,541 INFO  Google_Search_003_companyFilter - Data Written in Temp Sheet - https://uk.linkedin.com/jobs/view/web-developer-at-paramount-digital-ltd-4266244576
2025-07-29 17:44:43,581 INFO  Google_Search_003_companyFilter - Data Written in Temp Sheet - https://uk.linkedin.com/jobs/view/web-developer-at-herd-digital-4249080836
2025-07-29 17:44:43,629 INFO  Google_Search_003_companyFilter - Data Written in Temp Sheet - https://uk.linkedin.com/jobs/view/web-developer-at-the-traders-world-4249034583
2025-07-29 17:44:43,673 INFO  Google_Search_003_companyFilter - Data Written in Temp Sheet - https://uk.linkedin.com/jobs/view/web-developer-front-end-at-lands-%E2%80%8B-end-4249702820
2025-07-29 17:44:45,846 INFO  Google_Search_003_companyFilter - The page number is - 6
2025-07-29 17:44:45,868 INFO  Google_Search_003_companyFilter - Total Link Count is - 10
2025-07-29 17:44:45,926 INFO  Google_Search_003_companyFilter - Data Written in Temp Sheet - https://in.linkedin.com/jobs/view/web-developer-at-radancy-united-kingdom-4208689441
2025-07-29 17:44:45,996 INFO  Google_Search_003_companyFilter - Data Written in Temp Sheet - https://uk.linkedin.com/jobs/view/web-developer-wix-at-we-make-change-4242532799
2025-07-29 17:44:46,047 INFO  Google_Search_003_companyFilter - Data Written in Temp Sheet - https://uk.linkedin.com/jobs/view/web-developer-at-rn-jobforce-4231385208
2025-07-29 17:44:46,105 INFO  Google_Search_003_companyFilter - Data Written in Temp Sheet - https://uk.linkedin.com/jobs/view/web-developer-at-106-recruitment-4229819261
2025-07-29 17:44:46,152 INFO  Google_Search_003_companyFilter - Data Written in Temp Sheet - https://uk.linkedin.com/jobs/view/web-developer-at-tmc-strategic-communications-4179504093
2025-07-29 17:44:46,195 INFO  Google_Search_003_companyFilter - Data Written in Temp Sheet - https://uk.linkedin.com/jobs/view/web-developer-uk-apprenticeship-at-online-property-co-uk-4219069059
2025-07-29 17:44:46,244 INFO  Google_Search_003_companyFilter - Data Written in Temp Sheet - https://uk.linkedin.com/jobs/website-administrator-jobs
2025-07-29 17:44:46,282 INFO  Google_Search_003_companyFilter - Data Written in Temp Sheet - https://www.linkedin.com/jobs/view/web-developer-at-micro1-4147662527
2025-07-29 17:44:46,328 INFO  Google_Search_003_companyFilter - Data Written in Temp Sheet - https://uk.linkedin.com/jobs/informatica-developer-jobs
2025-07-29 17:44:46,373 INFO  Google_Search_003_companyFilter - Data Written in Temp Sheet - https://uk.linkedin.com/jobs/view/web-developer-at-ahti-interiors-4249154991
2025-07-29 17:44:48,588 INFO  Google_Search_003_companyFilter - The page number is - 7
2025-07-29 17:44:48,602 INFO  Google_Search_003_companyFilter - Total Link Count is - 10
2025-07-29 17:44:48,638 INFO  Google_Search_003_companyFilter - Data Written in Temp Sheet - https://www.linkedin.com/jobs/view/web-developer-at-canonical-2948680713
2025-07-29 17:44:48,720 INFO  Google_Search_003_companyFilter - Data Written in Temp Sheet - https://uk.linkedin.com/jobs/view/we-re-hiring-web-developer-at-netmatters-4273279840
2025-07-29 17:44:48,771 INFO  Google_Search_003_companyFilter - Data Written in Temp Sheet - https://www.linkedin.com/jobs/view/web-developer-at-tree-top-staffing-llc-4137538303
2025-07-29 17:44:48,820 INFO  Google_Search_003_companyFilter - Data Written in Temp Sheet - https://uk.linkedin.com/jobs/view/web-developer-at-sr2-socially-responsible-recruitment-certified-b-corporation%E2%84%A2-4270185748
2025-07-29 17:44:48,869 INFO  Google_Search_003_companyFilter - Data Written in Temp Sheet - https://www.linkedin.com/jobs/view/web-developer-ai-code-reviewer-german-speaker-at-micro1-4138066584
2025-07-29 17:44:48,911 INFO  Google_Search_003_companyFilter - Data Written in Temp Sheet - https://www.linkedin.com/jobs/view/web-developer-at-micro1-4088886822
2025-07-29 17:44:48,954 INFO  Google_Search_003_companyFilter - Data Written in Temp Sheet - https://uk.linkedin.com/jobs/view/web-developer-talent-pool-at-zeak-labs-4270135266
2025-07-29 17:44:48,996 INFO  Google_Search_003_companyFilter - Data Written in Temp Sheet - https://uk.linkedin.com/jobs/view/web-developer-at-anything-headless-cms-experts-4238226605
2025-07-29 17:44:49,038 INFO  Google_Search_003_companyFilter - Data Written in Temp Sheet - https://uk.linkedin.com/jobs/view/web-developer-mid-level-at-reculture-4268580742
2025-07-29 17:44:49,078 INFO  Google_Search_003_companyFilter - Data Written in Temp Sheet - https://uk.linkedin.com/jobs/view/web-developer-co-founder-at-comfortlytravel-4139233592
2025-07-29 17:44:51,308 INFO  Google_Search_003_companyFilter - The page number is - 8
2025-07-29 17:44:51,319 INFO  Google_Search_003_companyFilter - Total Link Count is - 10
2025-07-29 17:44:51,349 INFO  Google_Search_003_companyFilter - Data Written in Temp Sheet - https://uk.linkedin.com/jobs/view/web-developer-at-radius-4225735278
2025-07-29 17:44:51,460 INFO  Google_Search_003_companyFilter - Data Written in Temp Sheet - https://uk.linkedin.com/jobs/view/web-developer-at-outlier-4198766419
2025-07-29 17:44:51,500 INFO  Google_Search_003_companyFilter - Data Written in Temp Sheet - https://www.linkedin.com/jobs/view/web-developer-ai-code-reviewer-german-speaker-at-micro1-4131134190
2025-07-29 17:44:51,557 INFO  Google_Search_003_companyFilter - Data Written in Temp Sheet - https://uk.linkedin.com/jobs/view/web-developer-at-coffee-design-ltd-4260270317
2025-07-29 17:44:51,600 INFO  Google_Search_003_companyFilter - Data Written in Temp Sheet - https://uk.linkedin.com/jobs/view/web-developer-designer-office-based-role-no-hybrid-at-clarity-homecare-4264160717
2025-07-29 17:44:51,642 INFO  Google_Search_003_companyFilter - Data Written in Temp Sheet - https://www.linkedin.com/jobs/view/web-developer-at-micro1-4098727544
2025-07-29 17:44:51,694 INFO  Google_Search_003_companyFilter - Data Written in Temp Sheet - https://uk.linkedin.com/jobs/client-engineer-jobs
2025-07-29 17:44:51,737 INFO  Google_Search_003_companyFilter - Data Written in Temp Sheet - https://uk.linkedin.com/jobs/view/web-developer-at-tietalent-4275259200
2025-07-29 17:44:51,791 INFO  Google_Search_003_companyFilter - Data Written in Temp Sheet - https://uk.linkedin.com/jobs/view/web-developer-graduate-at-harrington-starr-4261411847
2025-07-29 17:44:51,837 INFO  Google_Search_003_companyFilter - Data Written in Temp Sheet - https://uk.linkedin.com/jobs/view/web-developer-talent-pool-at-zeak-labs-4249995772?refId=cDdaFKpqH36fuCRCZE3PWQ%3D%3D&trackingId=eV%2B1mED8Mp8sTAksW5nQAA%3D%3D
2025-07-29 17:44:54,108 INFO  Google_Search_003_companyFilter - The page number is - 9
2025-07-29 17:44:54,145 INFO  Google_Search_003_companyFilter - Total Link Count is - 11
2025-07-29 17:44:54,200 INFO  Google_Search_003_companyFilter - Data Written in Temp Sheet - https://www.linkedin.com/jobs/view/web-developer-at-micro1-4130251870
2025-07-29 17:44:54,240 INFO  Google_Search_003_companyFilter - Data Written in Temp Sheet - https://uk.linkedin.com/jobs/view/web-developer-full-stack-at-ctx-group-4263679763
2025-07-29 17:44:54,291 INFO  Google_Search_003_companyFilter - Data Written in Temp Sheet - https://uk.linkedin.com/jobs/view/installation-and-support-engineer-at-tietalent-4275258285
2025-07-29 17:44:54,335 INFO  Google_Search_003_companyFilter - Data Written in Temp Sheet - https://uk.linkedin.com/jobs/view/web-developer-wordpress-html-css-php-javascript-mysql-at-xpertise-recruitment-4266713355
2025-07-29 17:44:54,392 INFO  Google_Search_003_companyFilter - Data Written in Temp Sheet - https://www.linkedin.com/jobs/view/web-developer-ai-code-reviewer-german-speaker-at-micro1-4163340479
2025-07-29 17:44:54,455 INFO  Google_Search_003_companyFilter - Data Written in Temp Sheet - https://uk.linkedin.com/jobs/view/web-developer-at-tietalent-4275251499
2025-07-29 17:44:54,502 INFO  Google_Search_003_companyFilter - Data Written in Temp Sheet - https://uk.linkedin.com/jobs/view/web-developer-at-cardiff-university-prifysgol-caerdydd-4227629878
2025-07-29 17:44:54,543 INFO  Google_Search_003_companyFilter - Data Written in Temp Sheet - https://translate.google.com/translate?u=https://uk.linkedin.com/jobs/view/web-developer-at-cardiff-university-prifysgol-caerdydd-4227629878&hl=en&sl=cy&tl=en&client=search
2025-07-29 17:44:54,586 INFO  Google_Search_003_companyFilter - Data Written in Temp Sheet - https://lk.linkedin.com/jobs/view/web-developer-at-bms-digital-3934346600
2025-07-29 17:44:54,635 INFO  Google_Search_003_companyFilter - Data Written in Temp Sheet - https://www.linkedin.com/jobs/view/web-developer-angularjs-at-csi-interfusion-inc-217696995
2025-07-29 17:44:54,686 INFO  Google_Search_003_companyFilter - Data Written in Temp Sheet - https://uk.linkedin.com/jobs/view/web-developer-at-urban-suites-recoleta-boutique-hotel-4264282939
2025-07-29 17:44:56,222 INFO  Google_Search_003_companyFilter - Excel file has sheets, not deleted.
2025-07-29 17:44:56,236 INFO  Google_Search_003_companyFilter - 2025.07.29.17.43.51-Company Details - Excel file created successfully!
2025-07-29 17:45:00,672 INFO  Google_Search_003_companyFilter - Username Entered
2025-07-29 17:45:00,772 INFO  Google_Search_003_companyFilter - password Entered
2025-07-29 17:45:05,959 INFO  Google_Search_003_companyFilter - Sign In clicked
2025-07-29 17:45:06,813 INFO  Google_Search_003_companyFilter - Duplicate entry in the Mastersheet
2025-07-29 17:45:22,866 INFO  Google_Search_003_companyFilter - No Company Profile is found
2025-07-29 17:45:28,878 INFO  Google_Search_003_companyFilter - Duplicate entry in the Mastersheet
2025-07-29 17:45:33,888 INFO  Google_Search_003_companyFilter - Duplicate entry in the Mastersheet
2025-07-29 17:45:39,044 INFO  Google_Search_003_companyFilter - Duplicate entry in the Mastersheet
2025-07-29 17:45:45,856 INFO  Google_Search_003_companyFilter - Data Written in Mastersheet - The Dev Hub, https://www.linkedin.com/company/thedevhub/life
2025-07-29 17:45:45,873 INFO  Google_Search_003_companyFilter - Data written at row index: 1, columns 1 & 2
2025-07-29 17:45:48,895 INFO  Google_Search_003_companyFilter - People toggle Clicked
2025-07-29 17:45:52,607 INFO  Google_Search_003_companyFilter - profileDetail - LinkedIn Member
eCommerce Web Development (Shopify & Magento) Talent Partner | Co-Owner
2025-07-29 17:45:52,620 INFO  Google_Search_003_companyFilter - Profile link is disabled
2025-07-29 17:46:00,250 INFO  Google_Search_003_companyFilter - No CEO Profile found for this company
2025-07-29 17:46:08,012 INFO  Google_Search_003_companyFilter - CTO Profile not found for this company
2025-07-29 17:46:12,981 INFO  Google_Search_003_companyFilter - Duplicate entry in the Mastersheet
2025-07-29 17:46:20,171 INFO  Google_Search_003_companyFilter - Duplicate entry in the Mastersheet
2025-07-29 17:46:25,228 INFO  Google_Search_003_companyFilter - Duplicate entry in the Mastersheet
2025-07-29 17:46:30,945 INFO  Google_Search_003_companyFilter - Duplicate entry in the Mastersheet
2025-07-29 17:46:35,938 INFO  Google_Search_003_companyFilter - Data Written in Mastersheet - TechVibes IT, https://www.linkedin.com/company/techvibesit/life
2025-07-29 17:46:35,958 INFO  Google_Search_003_companyFilter - Data written at row index: 2, columns 1 & 2
2025-07-29 17:46:38,064 INFO  Google_Search_003_companyFilter - People toggle Clicked
2025-07-29 17:46:44,696 INFO  Google_Search_003_companyFilter - No Founder Profile found for this company
2025-07-29 17:46:52,219 INFO  Google_Search_003_companyFilter - No CEO Profile found for this company
2025-07-29 17:46:59,730 INFO  Google_Search_003_companyFilter - CTO Profile not found for this company
2025-07-29 17:47:07,352 INFO  Google_Search_003_companyFilter - Duplicate entry in the Mastersheet
2025-07-29 17:47:12,135 INFO  Google_Search_003_companyFilter - Duplicate entry in the Mastersheet
2025-07-29 17:47:17,138 INFO  Google_Search_003_companyFilter - Duplicate entry in the Mastersheet
2025-07-29 17:47:21,405 INFO  Google_Search_003_companyFilter - Duplicate entry in the Mastersheet
2025-07-29 17:47:26,261 INFO  Google_Search_003_companyFilter - Duplicate entry in the Mastersheet
2025-07-29 17:47:40,839 INFO  Google_Search_003_companyFilter - No Company Profile is found
2025-07-29 17:47:44,932 INFO  Google_Search_003_companyFilter - Duplicate entry in the Mastersheet
2025-07-29 17:47:49,531 INFO  Google_Search_003_companyFilter - Duplicate entry in the Mastersheet
2025-07-29 17:47:54,688 INFO  Google_Search_003_companyFilter - Duplicate entry in the Mastersheet
2025-07-29 17:47:59,324 INFO  Google_Search_003_companyFilter - Duplicate entry in the Mastersheet
2025-07-29 17:48:03,451 INFO  Google_Search_003_companyFilter - Duplicate entry in the Mastersheet
2025-07-29 17:48:08,450 INFO  Google_Search_003_companyFilter - Duplicate entry in the Mastersheet
2025-07-29 17:48:13,564 INFO  Google_Search_003_companyFilter - Duplicate entry in the Mastersheet
2025-07-29 17:48:18,370 INFO  Google_Search_003_companyFilter - Data Written in Mastersheet - Crimson, https://www.linkedin.com/company/crimson/life
2025-07-29 17:48:18,387 INFO  Google_Search_003_companyFilter - Data written at row index: 3, columns 1 & 2
2025-07-29 17:48:20,508 INFO  Google_Search_003_companyFilter - People toggle Clicked
2025-07-29 17:48:25,098 INFO  Google_Search_003_companyFilter - profileDetail - LinkedIn Member
--
2025-07-29 17:48:25,116 INFO  Google_Search_003_companyFilter - profile link -https://www.linkedin.com/in/adamfchapman?miniProfileUrn=urn%3Ali%3Afs_miniProfile%3AACoAAAlPvG8Bgr7e7hHTZ-eJ3HcvR9JpCaOI5xE
2025-07-29 17:48:25,152 INFO  Google_Search_003_companyFilter - profileDetail - LinkedIn Member
CRIMSON Production
2025-07-29 17:48:25,164 INFO  Google_Search_003_companyFilter - Profile link is disabled
2025-07-29 17:48:25,230 INFO  Google_Search_003_companyFilter - profileDetail - LinkedIn Member
LAREGO FIBER SOLUTIONS
2025-07-29 17:48:25,243 INFO  Google_Search_003_companyFilter - Profile link is disabled
2025-07-29 17:48:25,282 INFO  Google_Search_003_companyFilter - profileDetail - LinkedIn Member
Poet and beats
2025-07-29 17:48:25,292 INFO  Google_Search_003_companyFilter - Profile link is disabled
2025-07-29 17:48:25,327 INFO  Google_Search_003_companyFilter - profileDetail - LinkedIn Member
CMO, NED, Founder, Marketer, Fellow CIM, Coach, Mentor, Board Advisor, Brand Consultant, Digital Transformation Expert, Blockchain, Metaverse, NFTs, Neurodiversity Advocate
2025-07-29 17:48:25,337 INFO  Google_Search_003_companyFilter - Profile link is disabled
2025-07-29 17:48:25,427 INFO  Google_Search_003_companyFilter - profileDetail - LinkedIn Member
Final Year UNSW Bachelor of Media (PR and Advertising, Marketing)
2025-07-29 17:48:25,440 INFO  Google_Search_003_companyFilter - Profile link is disabled
2025-07-29 17:48:25,476 INFO  Google_Search_003_companyFilter - profileDetail - LinkedIn Member
Freelance data scientist
2025-07-29 17:48:25,486 INFO  Google_Search_003_companyFilter - Profile link is disabled
2025-07-29 17:48:25,522 INFO  Google_Search_003_companyFilter - profileDetail - LinkedIn Member
Founder, Crimson Circle
2025-07-29 17:48:25,534 INFO  Google_Search_003_companyFilter - Profile link is disabled
2025-07-29 17:48:25,583 INFO  Google_Search_003_companyFilter - profileDetail - Adam Chapman
3rd+ degree connection
· 3rd
Learning Architect | Performance Strategist | Endlessly Curious
2025-07-29 17:48:25,596 INFO  Google_Search_003_companyFilter - Profile link is disabled
2025-07-29 17:48:30,095 INFO  Google_Search_003_companyFilter - profileDetail - LinkedIn Member
Crimson Corp
2025-07-29 17:48:30,110 INFO  Google_Search_003_companyFilter - profile link -https://www.linkedin.com/in/bobby-r-persad?miniProfileUrn=urn%3Ali%3Afs_miniProfile%3AACoAABPPtIYBgbXmG1MB1djDuJvnPpHEYckHCCg
2025-07-29 17:48:30,158 INFO  Google_Search_003_companyFilter - profileDetail - LinkedIn Member
株式会社 クリムソン - 代表取締役社長
2025-07-29 17:48:30,175 INFO  Google_Search_003_companyFilter - profile link -https://www.linkedin.com/in/osinclair?miniProfileUrn=urn%3Ali%3Afs_miniProfile%3AACoAAAboQooBbed-fLF9jIcWh1v96ES-k-ihGVY
2025-07-29 17:48:30,214 INFO  Google_Search_003_companyFilter - profileDetail - Bobby R. Persad
3rd+ degree connection
· 3rd
Executive Director leading technical strategy and operations at Sunrise Communications.
2025-07-29 17:48:30,229 INFO  Google_Search_003_companyFilter - profile link -https://www.linkedin.com/in/markmeasham?miniProfileUrn=urn%3Ali%3Afs_miniProfile%3AACoAAAIYO1gBlRAQCFyt46bLTymKIwo9Y-qDC5s
2025-07-29 17:48:30,268 INFO  Google_Search_003_companyFilter - profileDetail - LinkedIn Member
CRIMSON Ltd. CEO
2025-07-29 17:48:30,274 INFO  Google_Search_003_companyFilter - Profile link is disabled
2025-07-29 17:48:30,310 INFO  Google_Search_003_companyFilter - profileDetail - LinkedIn Member
Lecturer at QA Ltd
2025-07-29 17:48:30,318 INFO  Google_Search_003_companyFilter - Profile link is disabled
2025-07-29 17:48:30,358 INFO  Google_Search_003_companyFilter - profileDetail - Oliver Sinclair
3rd+ degree connection
· 3rd
CTO at Crimson
2025-07-29 17:48:30,365 INFO  Google_Search_003_companyFilter - Profile link is disabled
2025-07-29 17:48:30,396 INFO  Google_Search_003_companyFilter - profileDetail - LinkedIn Member
Founder, Crimson Circle
2025-07-29 17:48:30,405 INFO  Google_Search_003_companyFilter - Profile link is disabled
2025-07-29 17:48:30,444 INFO  Google_Search_003_companyFilter - profileDetail - Mark Measham
3rd+ degree connection
· 3rd
Retired
2025-07-29 17:48:30,455 INFO  Google_Search_003_companyFilter - Profile link is disabled
2025-07-29 17:48:30,497 INFO  Google_Search_003_companyFilter - profileDetail - LinkedIn Member
Freelance data scientist
2025-07-29 17:48:30,507 INFO  Google_Search_003_companyFilter - Profile link is disabled
2025-07-29 17:48:35,548 INFO  Google_Search_003_companyFilter - profileDetail - Tom Cadman
3rd+ degree connection
· 3rd
Director of Cloud Services/CTO at Crimson
2025-07-29 17:48:35,578 INFO  Google_Search_003_companyFilter - profile link -https://www.linkedin.com/in/tomcadman?miniProfileUrn=urn%3Ali%3Afs_miniProfile%3AACoAAAA40PkB3b9bKTOXbMRguIx4_ppYyhpFSr0
2025-07-29 17:48:35,600 INFO  Google_Search_003_companyFilter - profileDetail - Oliver Sinclair
3rd+ degree connection
· 3rd
CTO at Crimson
2025-07-29 17:48:35,629 INFO  Google_Search_003_companyFilter - profile link -https://www.linkedin.com/in/osinclair?miniProfileUrn=urn%3Ali%3Afs_miniProfile%3AACoAAAboQooBbed-fLF9jIcWh1v96ES-k-ihGVY
2025-07-29 17:48:35,649 INFO  Google_Search_003_companyFilter - profileDetail - LinkedIn Member
Consultancy Director at Crimson
2025-07-29 17:48:35,679 INFO  Google_Search_003_companyFilter - profile link -https://www.linkedin.com/in/chrisobrien26?miniProfileUrn=urn%3Ali%3Afs_miniProfile%3AACoAAAEXE7QBhz3smHFtDIClHDkHx1m36E5Apsc
2025-07-29 17:48:35,696 INFO  Google_Search_003_companyFilter - profileDetail - Chris O'Brien
3rd+ degree connection
· 3rd
Head of Customer Engagement at Crimson
2025-07-29 17:48:35,705 INFO  Google_Search_003_companyFilter - Profile link is disabled
2025-07-29 17:48:35,740 INFO  Google_Search_003_companyFilter - profileDetail - LinkedIn Member
IT practice manager at Crimson
2025-07-29 17:48:35,748 INFO  Google_Search_003_companyFilter - Profile link is disabled
2025-07-29 17:48:51,213 INFO  Google_Search_003_companyFilter - No Company Profile is found
2025-07-29 17:48:56,083 INFO  Google_Search_003_companyFilter - Duplicate entry in the Mastersheet
2025-07-29 17:49:00,290 INFO  Google_Search_003_companyFilter - Duplicate entry in the Mastersheet
2025-07-29 17:49:04,563 INFO  Google_Search_003_companyFilter - Duplicate entry in the Mastersheet
2025-07-29 17:49:09,915 INFO  Google_Search_003_companyFilter - Duplicate entry in the Mastersheet
2025-07-29 17:49:14,715 INFO  Google_Search_003_companyFilter - Duplicate entry in the Mastersheet
2025-07-29 17:49:20,374 INFO  Google_Search_003_companyFilter - Duplicate entry in the Mastersheet
2025-07-29 17:49:24,795 INFO  Google_Search_003_companyFilter - Duplicate entry in the Mastersheet
2025-07-29 17:49:39,750 INFO  Google_Search_003_companyFilter - No Company Profile is found
2025-07-29 17:49:44,279 INFO  Google_Search_003_companyFilter - Duplicate entry in the Mastersheet
2025-07-29 17:49:48,352 INFO  Google_Search_003_companyFilter - Duplicate entry in the Mastersheet
2025-07-29 17:49:53,018 INFO  Google_Search_003_companyFilter - Data Written in Mastersheet - Kinetic, https://www.linkedin.com/company/kineticsoftware/life
2025-07-29 17:49:53,031 INFO  Google_Search_003_companyFilter - Data written at row index: 12, columns 1 & 2
2025-07-29 17:49:54,979 INFO  Google_Search_003_companyFilter - People toggle Clicked
2025-07-29 17:49:59,589 INFO  Google_Search_003_companyFilter - profileDetail - Christian Richard
3rd+ degree connection
· 3rd
Founder & CEO | Amantec® Systems; Managing Director | Kinetic Solutions (T) Ltd
2025-07-29 17:49:59,606 INFO  Google_Search_003_companyFilter - profile link -https://www.linkedin.com/in/csairich?miniProfileUrn=urn%3Ali%3Afs_miniProfile%3AACoAABJsPuQBe6CPylaVWMm-Y-nVmn83d0LrZjA
2025-07-29 17:49:59,639 INFO  Google_Search_003_companyFilter - profileDetail - LinkedIn Member
BA BFP ACA
2025-07-29 17:49:59,653 INFO  Google_Search_003_companyFilter - Profile link is disabled
2025-07-29 17:49:59,698 INFO  Google_Search_003_companyFilter - profileDetail - LinkedIn Member
Product Marketing Manager at Kinetic Software
2025-07-29 17:49:59,708 INFO  Google_Search_003_companyFilter - Profile link is disabled
2025-07-29 17:49:59,741 INFO  Google_Search_003_companyFilter - profileDetail - LinkedIn Member
Leadership | Business | Data | Dad. Hospitality and Tourism professional with a strategic mindset and an eye for detail.
2025-07-29 17:49:59,752 INFO  Google_Search_003_companyFilter - Profile link is disabled
2025-07-29 17:50:04,334 INFO  Google_Search_003_companyFilter - profileDetail - Luke Warren
3rd+ degree connection
· 3rd
Group CEO | SaaS Growth Leader | Scaling a UK + Intl Group | People-First Operator | Husband | Dad to 3 Children and 4 Alpacas!
2025-07-29 17:50:04,349 INFO  Google_Search_003_companyFilter - profile link -https://www.linkedin.com/in/lukeawarren?miniProfileUrn=urn%3Ali%3Afs_miniProfile%3AACoAAAmqVA0BF5HllwlW8aeptU8rcmaa7XcWLew
2025-07-29 17:50:04,396 INFO  Google_Search_003_companyFilter - profileDetail - Christian Richard
3rd+ degree connection
· 3rd
Founder & CEO | Amantec® Systems; Managing Director | Kinetic Solutions (T) Ltd
2025-07-29 17:50:04,410 INFO  Google_Search_003_companyFilter - profile link -https://www.linkedin.com/in/csairich?miniProfileUrn=urn%3Ali%3Afs_miniProfile%3AACoAABJsPuQBe6CPylaVWMm-Y-nVmn83d0LrZjA
2025-07-29 17:50:04,446 INFO  Google_Search_003_companyFilter - profileDetail - Rob Turner
3rd+ degree connection
· 3rd
Group CEO at Kinetic and Volaris Group | Helping software companies achieve long-term growth | M&A
2025-07-29 17:50:04,459 INFO  Google_Search_003_companyFilter - profile link -https://www.linkedin.com/in/rob-turner-volaris?miniProfileUrn=urn%3Ali%3Afs_miniProfile%3AACoAAAaSFoIBj2NCfA0MZgJDy9OpvJwGNhYVDBk
2025-07-29 17:50:04,491 INFO  Google_Search_003_companyFilter - profileDetail - Richard Nichols MBA
3rd+ degree connection
· 3rd
CEO: North America at Kinetic (a Volaris Group Company).
2025-07-29 17:50:04,504 INFO  Google_Search_003_companyFilter - profile link -https://www.linkedin.com/in/richardnichols?miniProfileUrn=urn%3Ali%3Afs_miniProfile%3AACoAAADJ6goBKDG-c95YdTkIH3US4HTEThas6Y8
2025-07-29 17:50:04,538 INFO  Google_Search_003_companyFilter - profileDetail - David Wilkes
Chief Executive Officer @ Celcat and Bullet Solutions | Driving Strategy and Timetabling Innovation
2025-07-29 17:50:04,554 INFO  Google_Search_003_companyFilter - profile link -https://www.linkedin.com/in/davidwilkes-kinetic?miniProfileUrn=urn%3Ali%3Afs_miniProfile%3AACoAAAItjPEBQcZX9gbBMHNJ6GQSgprja-FfZ3c
2025-07-29 17:50:04,589 INFO  Google_Search_003_companyFilter - profileDetail - Hannah Kirkby
3rd+ degree connection
· 3rd
Chief People & Performance Officer
2025-07-29 17:50:04,604 INFO  Google_Search_003_companyFilter - profile link -https://www.linkedin.com/in/hannah-kirkby-a772b7262?miniProfileUrn=urn%3Ali%3Afs_miniProfile%3AACoAAEB46DsBY85F8EZYP4eR8A5lBU0PR1czlX0
2025-07-29 17:50:04,639 INFO  Google_Search_003_companyFilter - profileDetail - Craig Finch
M&A Portfolio CFIO | Helping software companies achieve long-term growth
2025-07-29 17:50:04,656 INFO  Google_Search_003_companyFilter - profile link -https://www.linkedin.com/in/craigrfinch?miniProfileUrn=urn%3Ali%3Afs_miniProfile%3AACoAACZYThsB1vHAEPil9KWeraJnIhd65U5LztU
2025-07-29 17:50:04,868 INFO  Google_Search_003_companyFilter - profileDetail - LinkedIn Member
Chief Commercial & Financial Officer, Kinetic
2025-07-29 17:50:04,923 INFO  Google_Search_003_companyFilter - profile link -https://www.linkedin.com/in/jamesgallacher?miniProfileUrn=urn%3Ali%3Afs_miniProfile%3AACoAAABTGlQB_XjNjt7VtyZbLHI_RIoa74i0mvY
2025-07-29 17:50:04,976 INFO  Google_Search_003_companyFilter - profileDetail - James Gallacher FBCS
3rd+ degree connection
· 3rd
CTO at Kinetic. Product Innovation and AI/Digital Technology Leadership
2025-07-29 17:50:04,994 INFO  Google_Search_003_companyFilter - Profile link is disabled
2025-07-29 17:50:05,033 INFO  Google_Search_003_companyFilter - profileDetail - LinkedIn Member
National Sales Manager
2025-07-29 17:50:05,046 INFO  Google_Search_003_companyFilter - Profile link is disabled
2025-07-29 17:50:09,138 INFO  Google_Search_003_companyFilter - profileDetail - James Gallacher FBCS
3rd+ degree connection
· 3rd
CTO at Kinetic. Product Innovation and AI/Digital Technology Leadership
2025-07-29 17:50:09,166 INFO  Google_Search_003_companyFilter - profile link -https://www.linkedin.com/in/jamesgallacher?miniProfileUrn=urn%3Ali%3Afs_miniProfile%3AACoAAABTGlQB_XjNjt7VtyZbLHI_RIoa74i0mvY
2025-07-29 17:50:09,184 INFO  Google_Search_003_companyFilter - profileDetail - LinkedIn Member
Chief Technology Officer at Kinetic
2025-07-29 17:50:09,196 INFO  Google_Search_003_companyFilter - Profile link is disabled
2025-07-29 17:50:15,194 INFO  Google_Search_003_companyFilter - Duplicate entry in the Mastersheet
2025-07-29 17:50:22,468 INFO  Google_Search_003_companyFilter - Duplicate entry in the Mastersheet
